<?xml version="1.0" encoding="UTF-8" ?>
<testsuite failures="0" time="1.633" errors="0" skipped="0" tests="3" name="Pallu.webapp.controller.UserFormControllerTest">
  <properties>
[...]
</properties>
  <testcase time="0.586" classname="Pallu.webapp.controller.UserFormControllerTest" name="testRemove"/>
  <testcase time="0.013" classname="Pallu.webapp.controller.UserFormControllerTest" name="testSave"/>
  <testcase time="0.012" classname="Pallu.webapp.controller.UserFormControllerTest" name="testEdit"/>
</testsuite>